
**** Build of configuration Debug for project Example_281xAdcSoc ****

/Applications/ti/ccsv8/utils/bin/gmake -k all 
 
Building file: "/Users/shenxf/F2812/Drivers/common/source/DSP281x_Adc.c"
Invoking: C2000 Compiler
"/Applications/ti/ccsv8/tools/compiler/ti-cgt-c2000_18.1.1.LTS/bin/cl2000" -v28 -ml -mt --include_path="/Applications/ti/ccsv8/tools/compiler/ti-cgt-c2000_18.1.1.LTS/include" --include_path="/Users/shenxf/F2812/Drivers/headers/include" --include_path="/Users/shenxf/F2812/Drivers/common/include" --define=_DEBUG --define=LARGE_MODEL -g --diag_warning=225 --issue_remarks --quiet --asm_directory="C:/tidcs/c28/DSP281x/v120/DSP281x_examples_ccsv4/adc_soc/Debug" --preproc_with_compile --preproc_dependency="DSP281x_Adc.d_raw"  "/Users/shenxf/F2812/Drivers/common/source/DSP281x_Adc.c"
Finished building: "/Users/shenxf/F2812/Drivers/common/source/DSP281x_Adc.c"
 
Building file: "/Users/shenxf/F2812/Drivers/common/source/DSP281x_CodeStartBranch.asm"
Invoking: C2000 Compiler
"/Applications/ti/ccsv8/tools/compiler/ti-cgt-c2000_18.1.1.LTS/bin/cl2000" -v28 -ml -mt --include_path="/Applications/ti/ccsv8/tools/compiler/ti-cgt-c2000_18.1.1.LTS/include" --include_path="/Users/shenxf/F2812/Drivers/headers/include" --include_path="/Users/shenxf/F2812/Drivers/common/include" --define=_DEBUG --define=LARGE_MODEL -g --diag_warning=225 --issue_remarks --quiet --asm_directory="C:/tidcs/c28/DSP281x/v120/DSP281x_examples_ccsv4/adc_soc/Debug" --preproc_with_compile --preproc_dependency="DSP281x_CodeStartBranch.d_raw"  "/Users/shenxf/F2812/Drivers/common/source/DSP281x_CodeStartBranch.asm"
Finished building: "/Users/shenxf/F2812/Drivers/common/source/DSP281x_CodeStartBranch.asm"
 
Building file: "/Users/shenxf/F2812/Drivers/common/source/DSP281x_DefaultIsr.c"
Invoking: C2000 Compiler
"/Applications/ti/ccsv8/tools/compiler/ti-cgt-c2000_18.1.1.LTS/bin/cl2000" -v28 -ml -mt --include_path="/Applications/ti/ccsv8/tools/compiler/ti-cgt-c2000_18.1.1.LTS/include" --include_path="/Users/shenxf/F2812/Drivers/headers/include" --include_path="/Users/shenxf/F2812/Drivers/common/include" --define=_DEBUG --define=LARGE_MODEL -g --diag_warning=225 --issue_remarks --quiet --asm_directory="C:/tidcs/c28/DSP281x/v120/DSP281x_examples_ccsv4/adc_soc/Debug" --preproc_with_compile --preproc_dependency="DSP281x_DefaultIsr.d_raw"  "/Users/shenxf/F2812/Drivers/common/source/DSP281x_DefaultIsr.c"
Finished building: "/Users/shenxf/F2812/Drivers/common/source/DSP281x_DefaultIsr.c"
 
Building file: "/Users/shenxf/F2812/Drivers/headers/source/DSP281x_GlobalVariableDefs.c"
Invoking: C2000 Compiler
"/Applications/ti/ccsv8/tools/compiler/ti-cgt-c2000_18.1.1.LTS/bin/cl2000" -v28 -ml -mt --include_path="/Applications/ti/ccsv8/tools/compiler/ti-cgt-c2000_18.1.1.LTS/include" --include_path="/Users/shenxf/F2812/Drivers/headers/include" --include_path="/Users/shenxf/F2812/Drivers/common/include" --define=_DEBUG --define=LARGE_MODEL -g --diag_warning=225 --issue_remarks --quiet --asm_directory="C:/tidcs/c28/DSP281x/v120/DSP281x_examples_ccsv4/adc_soc/Debug" --preproc_with_compile --preproc_dependency="DSP281x_GlobalVariableDefs.d_raw"  "/Users/shenxf/F2812/Drivers/headers/source/DSP281x_GlobalVariableDefs.c"
Finished building: "/Users/shenxf/F2812/Drivers/headers/source/DSP281x_GlobalVariableDefs.c"
 
Building file: "/Users/shenxf/F2812/Drivers/common/source/DSP281x_PieCtrl.c"
Invoking: C2000 Compiler
"/Applications/ti/ccsv8/tools/compiler/ti-cgt-c2000_18.1.1.LTS/bin/cl2000" -v28 -ml -mt --include_path="/Applications/ti/ccsv8/tools/compiler/ti-cgt-c2000_18.1.1.LTS/include" --include_path="/Users/shenxf/F2812/Drivers/headers/include" --include_path="/Users/shenxf/F2812/Drivers/common/include" --define=_DEBUG --define=LARGE_MODEL -g --diag_warning=225 --issue_remarks --quiet --asm_directory="C:/tidcs/c28/DSP281x/v120/DSP281x_examples_ccsv4/adc_soc/Debug" --preproc_with_compile --preproc_dependency="DSP281x_PieCtrl.d_raw"  "/Users/shenxf/F2812/Drivers/common/source/DSP281x_PieCtrl.c"
Finished building: "/Users/shenxf/F2812/Drivers/common/source/DSP281x_PieCtrl.c"
 
Building file: "/Users/shenxf/F2812/Drivers/common/source/DSP281x_PieVect.c"
Invoking: C2000 Compiler
"/Applications/ti/ccsv8/tools/compiler/ti-cgt-c2000_18.1.1.LTS/bin/cl2000" -v28 -ml -mt --include_path="/Applications/ti/ccsv8/tools/compiler/ti-cgt-c2000_18.1.1.LTS/include" --include_path="/Users/shenxf/F2812/Drivers/headers/include" --include_path="/Users/shenxf/F2812/Drivers/common/include" --define=_DEBUG --define=LARGE_MODEL -g --diag_warning=225 --issue_remarks --quiet --asm_directory="C:/tidcs/c28/DSP281x/v120/DSP281x_examples_ccsv4/adc_soc/Debug" --preproc_with_compile --preproc_dependency="DSP281x_PieVect.d_raw"  "/Users/shenxf/F2812/Drivers/common/source/DSP281x_PieVect.c"
Finished building: "/Users/shenxf/F2812/Drivers/common/source/DSP281x_PieVect.c"
 
Building file: "/Users/shenxf/F2812/Drivers/common/source/DSP281x_SysCtrl.c"
Invoking: C2000 Compiler
"/Applications/ti/ccsv8/tools/compiler/ti-cgt-c2000_18.1.1.LTS/bin/cl2000" -v28 -ml -mt --include_path="/Applications/ti/ccsv8/tools/compiler/ti-cgt-c2000_18.1.1.LTS/include" --include_path="/Users/shenxf/F2812/Drivers/headers/include" --include_path="/Users/shenxf/F2812/Drivers/common/include" --define=_DEBUG --define=LARGE_MODEL -g --diag_warning=225 --issue_remarks --quiet --asm_directory="C:/tidcs/c28/DSP281x/v120/DSP281x_examples_ccsv4/adc_soc/Debug" --preproc_with_compile --preproc_dependency="DSP281x_SysCtrl.d_raw"  "/Users/shenxf/F2812/Drivers/common/source/DSP281x_SysCtrl.c"
Finished building: "/Users/shenxf/F2812/Drivers/common/source/DSP281x_SysCtrl.c"
 
Building file: "/Users/shenxf/F2812/Drivers/common/source/DSP281x_usDelay.asm"
Invoking: C2000 Compiler
"/Applications/ti/ccsv8/tools/compiler/ti-cgt-c2000_18.1.1.LTS/bin/cl2000" -v28 -ml -mt --include_path="/Applications/ti/ccsv8/tools/compiler/ti-cgt-c2000_18.1.1.LTS/include" --include_path="/Users/shenxf/F2812/Drivers/headers/include" --include_path="/Users/shenxf/F2812/Drivers/common/include" --define=_DEBUG --define=LARGE_MODEL -g --diag_warning=225 --issue_remarks --quiet --asm_directory="C:/tidcs/c28/DSP281x/v120/DSP281x_examples_ccsv4/adc_soc/Debug" --preproc_with_compile --preproc_dependency="DSP281x_usDelay.d_raw"  "/Users/shenxf/F2812/Drivers/common/source/DSP281x_usDelay.asm"
Finished building: "/Users/shenxf/F2812/Drivers/common/source/DSP281x_usDelay.asm"
 
Building target: "Example_281xAdcSoc.out"
Invoking: C2000 Linker
"/Applications/ti/ccsv8/tools/compiler/ti-cgt-c2000_18.1.1.LTS/bin/cl2000" -v28 -ml -mt --define=_DEBUG --define=LARGE_MODEL -g --diag_warning=225 --issue_remarks --quiet --asm_directory="C:/tidcs/c28/DSP281x/v120/DSP281x_examples_ccsv4/adc_soc/Debug" -z -m"Example_281xAdcSoc.map" --stack_size=0x400 --warn_sections -i"/Applications/ti/ccsv8/tools/compiler/ti-cgt-c2000_18.1.1.LTS/lib" -i"/Applications/ti/ccsv8/tools/compiler/ti-cgt-c2000_18.1.1.LTS/include" -i"/Users/shenxf/F2812/Drivers/common/include" -i"/Users/shenxf/F2812/Drivers/headers/include" --reread_libs --xml_link_info="Example_281xAdcSoc_linkInfo.xml" --rom_model -o "Example_281xAdcSoc.out" "./DSP281x_Adc.obj" "./DSP281x_CodeStartBranch.obj" "./DSP281x_DefaultIsr.obj" "./DSP281x_GlobalVariableDefs.obj" "./DSP281x_PieCtrl.obj" "./DSP281x_PieVect.obj" "./DSP281x_SysCtrl.obj" "./DSP281x_usDelay.obj" "./Example_281xAdcSoc.obj" "/Users/shenxf/F2812/Drivers/headers/cmd/DSP281x_Headers_nonBIOS.cmd" "/Users/shenxf/F2812/Drivers/common/cmd/F2812_EzDSP_RAM_lnk.cmd"  -lrts2800_ml.lib 
Finished building target: "Example_281xAdcSoc.out"
 

**** Build Finished ****
